2020-02-09 14:40:14,565 INFO [org.springframework.context.support.ClassPathXmlApplicationContext] - Refreshing org.springframework.context.support.ClassPathXmlApplicationContext@31304f14: startup date [Sun Feb 09 14:40:14 CST 2020]; root of context hierarchy
2020-02-09 14:40:14,603 INFO [org.springframework.beans.factory.xml.XmlBeanDefinitionReader] - Loading XML bean definitions from class path resource [applicationContext.xml]
2020-02-09 14:40:14,943 INFO [org.springframework.context.support.PropertySourcesPlaceholderConfigurer] - Loading properties file from class path resource [database.properties]
2020-02-09 14:40:14,949 INFO [org.springframework.beans.factory.annotation.AutowiredAnnotationBeanPostProcessor] - JSR-330 'javax.inject.Inject' annotation found and supported for autowiring
2020-02-09 14:40:15,177 INFO [com.mchange.v2.log.MLog] - MLog clients using log4j logging.
2020-02-09 14:40:15,674 INFO [com.mchange.v2.c3p0.C3P0Registry] - Initializing c3p0-0.9.1.2 [built 21-May-2007 15:04:56; debug? true; trace: 10]
2020-02-09 14:40:15,924 INFO [org.hibernate.annotations.common.Version] - HCANN000001: Hibernate Commons Annotations {4.0.1.Final}
2020-02-09 14:40:15,930 INFO [org.hibernate.Version] - HHH000412: Hibernate Core {4.1.4.Final}
2020-02-09 14:40:15,933 INFO [org.hibernate.cfg.Environment] - HHH000206: hibernate.properties not found
2020-02-09 14:40:15,935 INFO [org.hibernate.cfg.Environment] - HHH000021: Bytecode provider name : javassist
2020-02-09 14:40:15,986 INFO [org.hibernate.cfg.Configuration] - HHH000044: Configuring from URL: file:/D:/zz/Workspaces/SSHHibernateDAOSupportProject/WebRoot/WEB-INF/classes/hibernate.cfg.xml
2020-02-09 14:40:16,058 INFO [org.hibernate.cfg.Configuration] - HHH000041: Configured SessionFactory: null
2020-02-09 14:40:16,277 INFO [com.mchange.v2.c3p0.impl.AbstractPoolBackedDataSource] - Initializing c3p0 pool... com.mchange.v2.c3p0.ComboPooledDataSource [ acquireIncrement -> 3, acquireRetryAttempts -> 30, acquireRetryDelay -> 1000, autoCommitOnClose -> false, automaticTestTable -> null, breakAfterAcquireFailure -> false, checkoutTimeout -> 0, connectionCustomizerClassName -> null, connectionTesterClassName -> com.mchange.v2.c3p0.impl.DefaultConnectionTester, dataSourceName -> 1hge0z1a8baba0k14oz158|1b11ef33, debugUnreturnedConnectionStackTraces -> false, description -> null, driverClass -> org.gjt.mm.mysql.Driver, factoryClassLocation -> null, forceIgnoreUnresolvedTransactions -> false, identityToken -> 1hge0z1a8baba0k14oz158|1b11ef33, idleConnectionTestPeriod -> 0, initialPoolSize -> 10, jdbcUrl -> jdbc:mysql://localhost:3306/springdb?characterEncoding=utf8&useSSL=false, maxAdministrativeTaskTime -> 0, maxConnectionAge -> 0, maxIdleTime -> 20, maxIdleTimeExcessConnections -> 0, maxPoolSize -> 1, maxStatements -> 0, maxStatementsPerConnection -> 0, minPoolSize -> 1, numHelperThreads -> 3, numThreadsAwaitingCheckoutDefaultUser -> 0, preferredTestQuery -> null, properties -> {password=******, user=******}, propertyCycle -> 0, testConnectionOnCheckin -> false, testConnectionOnCheckout -> false, unreturnedConnectionTimeout -> 0, usesTraditionalReflectiveProxies -> false ]
2020-02-09 14:40:16,560 INFO [org.hibernate.dialect.Dialect] - HHH000400: Using dialect: org.hibernate.dialect.MySQLDialect
2020-02-09 14:40:16,576 INFO [org.hibernate.engine.jdbc.internal.LobCreatorBuilder] - HHH000424: Disabling contextual LOB creation as createClob() method threw error : java.lang.reflect.InvocationTargetException
2020-02-09 14:40:16,588 INFO [org.hibernate.engine.transaction.internal.TransactionFactoryInitiator] - HHH000399: Using default transaction strategy (direct JDBC transactions)
2020-02-09 14:40:16,598 INFO [org.hibernate.hql.internal.ast.ASTQueryTranslatorFactory] - HHH000397: Using ASTQueryTranslatorFactory
2020-02-09 14:40:16,994 INFO [org.springframework.orm.hibernate4.HibernateTransactionManager] - Using DataSource [com.mchange.v2.c3p0.ComboPooledDataSource [ acquireIncrement -> 3, acquireRetryAttempts -> 30, acquireRetryDelay -> 1000, autoCommitOnClose -> false, automaticTestTable -> null, breakAfterAcquireFailure -> false, checkoutTimeout -> 0, connectionCustomizerClassName -> null, connectionTesterClassName -> com.mchange.v2.c3p0.impl.DefaultConnectionTester, dataSourceName -> 1hge0z1a8baba0k14oz158|1b11ef33, debugUnreturnedConnectionStackTraces -> false, description -> null, driverClass -> org.gjt.mm.mysql.Driver, factoryClassLocation -> null, forceIgnoreUnresolvedTransactions -> false, identityToken -> 1hge0z1a8baba0k14oz158|1b11ef33, idleConnectionTestPeriod -> 0, initialPoolSize -> 10, jdbcUrl -> jdbc:mysql://localhost:3306/springdb?characterEncoding=utf8&useSSL=false, maxAdministrativeTaskTime -> 0, maxConnectionAge -> 0, maxIdleTime -> 20, maxIdleTimeExcessConnections -> 0, maxPoolSize -> 1, maxStatements -> 0, maxStatementsPerConnection -> 0, minPoolSize -> 1, numHelperThreads -> 3, numThreadsAwaitingCheckoutDefaultUser -> 0, preferredTestQuery -> null, properties -> {password=******, user=******}, propertyCycle -> 0, testConnectionOnCheckin -> false, testConnectionOnCheckout -> false, unreturnedConnectionTimeout -> 0, usesTraditionalReflectiveProxies -> false ]] of Hibernate SessionFactory for HibernateTransactionManager
2020-02-09 14:40:17,428 WARN [org.hibernate.hql.internal.ast.HqlSqlWalker] - [DEPRECATION] Encountered positional parameter near line 1, column 48.  Positional parameter are considered deprecated; use named parameters or JPA-style positional parameters instead.
2020-02-09 14:40:17,474 WARN [org.hibernate.hql.internal.ast.HqlSqlWalker] - [DEPRECATION] Encountered positional parameter near line 1, column 64.  Positional parameter are considered deprecated; use named parameters or JPA-style positional parameters instead.
2020-02-09 14:40:17,578 WARN [org.hibernate.hql.internal.ast.HqlSqlWalker] - [DEPRECATION] Encountered positional parameter near line 1, column 36.  Positional parameter are considered deprecated; use named parameters or JPA-style positional parameters instead.
2020-02-09 14:40:17,580 WARN [org.hibernate.hql.internal.ast.HqlSqlWalker] - [DEPRECATION] Encountered positional parameter near line 1, column 46.  Positional parameter are considered deprecated; use named parameters or JPA-style positional parameters instead.
2020-02-09 14:40:17,580 WARN [org.hibernate.hql.internal.ast.HqlSqlWalker] - [DEPRECATION] Encountered positional parameter near line 1, column 56.  Positional parameter are considered deprecated; use named parameters or JPA-style positional parameters instead.
2020-02-09 14:40:17,581 WARN [org.hibernate.hql.internal.ast.HqlSqlWalker] - [DEPRECATION] Encountered positional parameter near line 1, column 68.  Positional parameter are considered deprecated; use named parameters or JPA-style positional parameters instead.
2020-02-09 14:42:42,152 INFO [org.springframework.context.support.ClassPathXmlApplicationContext] - Refreshing org.springframework.context.support.ClassPathXmlApplicationContext@4135c3b: startup date [Sun Feb 09 14:42:42 CST 2020]; root of context hierarchy
2020-02-09 14:42:42,193 INFO [org.springframework.beans.factory.xml.XmlBeanDefinitionReader] - Loading XML bean definitions from class path resource [applicationContext.xml]
2020-02-09 14:42:42,599 INFO [org.springframework.context.support.PropertySourcesPlaceholderConfigurer] - Loading properties file from class path resource [database.properties]
2020-02-09 14:42:42,604 INFO [org.springframework.beans.factory.annotation.AutowiredAnnotationBeanPostProcessor] - JSR-330 'javax.inject.Inject' annotation found and supported for autowiring
2020-02-09 14:42:42,831 INFO [com.mchange.v2.log.MLog] - MLog clients using log4j logging.
2020-02-09 14:42:43,335 INFO [com.mchange.v2.c3p0.C3P0Registry] - Initializing c3p0-0.9.1.2 [built 21-May-2007 15:04:56; debug? true; trace: 10]
2020-02-09 14:42:43,527 INFO [org.hibernate.annotations.common.Version] - HCANN000001: Hibernate Commons Annotations {4.0.1.Final}
2020-02-09 14:42:43,532 INFO [org.hibernate.Version] - HHH000412: Hibernate Core {4.1.4.Final}
2020-02-09 14:42:43,534 INFO [org.hibernate.cfg.Environment] - HHH000206: hibernate.properties not found
2020-02-09 14:42:43,536 INFO [org.hibernate.cfg.Environment] - HHH000021: Bytecode provider name : javassist
2020-02-09 14:42:43,556 INFO [org.hibernate.cfg.Configuration] - HHH000044: Configuring from URL: file:/D:/zz/Workspaces/SSHHibernateDAOSupportProject/WebRoot/WEB-INF/classes/hibernate.cfg.xml
2020-02-09 14:42:43,611 INFO [org.hibernate.cfg.Configuration] - HHH000041: Configured SessionFactory: null
2020-02-09 14:42:43,792 INFO [com.mchange.v2.c3p0.impl.AbstractPoolBackedDataSource] - Initializing c3p0 pool... com.mchange.v2.c3p0.ComboPooledDataSource [ acquireIncrement -> 3, acquireRetryAttempts -> 30, acquireRetryDelay -> 1000, autoCommitOnClose -> false, automaticTestTable -> null, breakAfterAcquireFailure -> false, checkoutTimeout -> 0, connectionCustomizerClassName -> null, connectionTesterClassName -> com.mchange.v2.c3p0.impl.DefaultConnectionTester, dataSourceName -> 1hge0z1a8baefyrhxdz89|54107f42, debugUnreturnedConnectionStackTraces -> false, description -> null, driverClass -> org.gjt.mm.mysql.Driver, factoryClassLocation -> null, forceIgnoreUnresolvedTransactions -> false, identityToken -> 1hge0z1a8baefyrhxdz89|54107f42, idleConnectionTestPeriod -> 0, initialPoolSize -> 10, jdbcUrl -> jdbc:mysql://localhost:3306/springdb?characterEncoding=utf8&useSSL=false, maxAdministrativeTaskTime -> 0, maxConnectionAge -> 0, maxIdleTime -> 20, maxIdleTimeExcessConnections -> 0, maxPoolSize -> 1, maxStatements -> 0, maxStatementsPerConnection -> 0, minPoolSize -> 1, numHelperThreads -> 3, numThreadsAwaitingCheckoutDefaultUser -> 0, preferredTestQuery -> null, properties -> {password=******, user=******}, propertyCycle -> 0, testConnectionOnCheckin -> false, testConnectionOnCheckout -> false, unreturnedConnectionTimeout -> 0, usesTraditionalReflectiveProxies -> false ]
2020-02-09 14:42:44,119 INFO [org.hibernate.dialect.Dialect] - HHH000400: Using dialect: org.hibernate.dialect.MySQLDialect
2020-02-09 14:42:44,127 INFO [org.hibernate.engine.jdbc.internal.LobCreatorBuilder] - HHH000424: Disabling contextual LOB creation as createClob() method threw error : java.lang.reflect.InvocationTargetException
2020-02-09 14:42:44,138 INFO [org.hibernate.engine.transaction.internal.TransactionFactoryInitiator] - HHH000399: Using default transaction strategy (direct JDBC transactions)
2020-02-09 14:42:44,142 INFO [org.hibernate.hql.internal.ast.ASTQueryTranslatorFactory] - HHH000397: Using ASTQueryTranslatorFactory
2020-02-09 14:42:44,477 INFO [org.springframework.orm.hibernate4.HibernateTransactionManager] - Using DataSource [com.mchange.v2.c3p0.ComboPooledDataSource [ acquireIncrement -> 3, acquireRetryAttempts -> 30, acquireRetryDelay -> 1000, autoCommitOnClose -> false, automaticTestTable -> null, breakAfterAcquireFailure -> false, checkoutTimeout -> 0, connectionCustomizerClassName -> null, connectionTesterClassName -> com.mchange.v2.c3p0.impl.DefaultConnectionTester, dataSourceName -> 1hge0z1a8baefyrhxdz89|54107f42, debugUnreturnedConnectionStackTraces -> false, description -> null, driverClass -> org.gjt.mm.mysql.Driver, factoryClassLocation -> null, forceIgnoreUnresolvedTransactions -> false, identityToken -> 1hge0z1a8baefyrhxdz89|54107f42, idleConnectionTestPeriod -> 0, initialPoolSize -> 10, jdbcUrl -> jdbc:mysql://localhost:3306/springdb?characterEncoding=utf8&useSSL=false, maxAdministrativeTaskTime -> 0, maxConnectionAge -> 0, maxIdleTime -> 20, maxIdleTimeExcessConnections -> 0, maxPoolSize -> 1, maxStatements -> 0, maxStatementsPerConnection -> 0, minPoolSize -> 1, numHelperThreads -> 3, numThreadsAwaitingCheckoutDefaultUser -> 0, preferredTestQuery -> null, properties -> {password=******, user=******}, propertyCycle -> 0, testConnectionOnCheckin -> false, testConnectionOnCheckout -> false, unreturnedConnectionTimeout -> 0, usesTraditionalReflectiveProxies -> false ]] of Hibernate SessionFactory for HibernateTransactionManager
2020-02-09 14:42:44,907 WARN [org.hibernate.hql.internal.ast.HqlSqlWalker] - [DEPRECATION] Encountered positional parameter near line 1, column 48.  Positional parameter are considered deprecated; use named parameters or JPA-style positional parameters instead.
2020-02-09 14:42:44,942 WARN [org.hibernate.hql.internal.ast.HqlSqlWalker] - [DEPRECATION] Encountered positional parameter near line 1, column 64.  Positional parameter are considered deprecated; use named parameters or JPA-style positional parameters instead.
2020-02-09 14:42:45,026 WARN [org.hibernate.hql.internal.ast.HqlSqlWalker] - [DEPRECATION] Encountered positional parameter near line 1, column 36.  Positional parameter are considered deprecated; use named parameters or JPA-style positional parameters instead.
2020-02-09 14:42:45,027 WARN [org.hibernate.hql.internal.ast.HqlSqlWalker] - [DEPRECATION] Encountered positional parameter near line 1, column 46.  Positional parameter are considered deprecated; use named parameters or JPA-style positional parameters instead.
2020-02-09 14:42:45,027 WARN [org.hibernate.hql.internal.ast.HqlSqlWalker] - [DEPRECATION] Encountered positional parameter near line 1, column 56.  Positional parameter are considered deprecated; use named parameters or JPA-style positional parameters instead.
2020-02-09 14:42:45,028 WARN [org.hibernate.hql.internal.ast.HqlSqlWalker] - [DEPRECATION] Encountered positional parameter near line 1, column 68.  Positional parameter are considered deprecated; use named parameters or JPA-style positional parameters instead.
